<?xml version="1.0" encoding="UTF-8" standalone="no"?>
<testsuite errors="0" failures="0" name="io.cucumber.core.plugin.JUnitFormatter" skipped="0" tests="1" time="8.022">
    <testcase classname="Login Functionality" name="When user logs in with valid credentials, Main Page page should be displayed" time="7.748">
        <system-out><![CDATA[Given user is on login page.................................................passed
And user logs in with username "admin@example.com" and password "BuffsciTest123".passed
Then "Main Page" page should be displayed...................................passed
]]></system-out>
    </testcase>
</testsuite>
